2025-01-09 00:59:06,366 [ERROR] ConfigurationRetriever:142 - IOException on connection: Connect timed out
2025-01-09 01:04:07,590 [ERROR] ConfigurationRetriever:142 - IOException on connection: Connect timed out
2025-01-09 01:04:09,592 [ERROR] ConfigurationRetriever:142 - IOException on connection: Connect timed out
2025-01-09 01:04:11,606 [ERROR] ConfigurationRetriever:142 - IOException on connection: Connect timed out
2025-01-09 01:04:23,648 [ERROR] ConfigurationRetriever:142 - IOException on connection: Connect timed out
2025-01-09 01:04:25,649 [ERROR] ConfigurationRetriever:142 - IOException on connection: Connect timed out
2025-01-09 01:04:27,651 [ERROR] ConfigurationRetriever:142 - IOException on connection: Connect timed out
2025-01-09 01:04:31,965 [ERROR] ConfigurationRetriever:142 - IOException on connection: Connect timed out
2025-01-09 01:06:46,756 [ERROR] AdobePublisher:183 - Exception while getting the server answer: java.net.SocketTimeoutException: Read timed out
2025-01-09 01:06:49,871 [ERROR] ConfigurationRetriever:142 - IOException on connection: Connect timed out
2025-01-09 01:25:38,384 [ERROR] ConfigurationRetriever:142 - IOException on connection: Connect timed out
2025-01-09 01:25:42,215 [ERROR] ConfigurationRetriever:142 - IOException on connection: Read timed out
2025-01-09 01:25:45,747 [ERROR] ConfigurationRetriever:142 - IOException on connection: Read timed out
2025-01-09 01:48:15,573 [ERROR] AdobePublisher:183 - Exception while getting the server answer: java.net.SocketTimeoutException: Read timed out
2025-01-09 01:59:07,623 [ERROR] LogOutputStream:75 - [STDERR_REDIRECT] 
2025-01-09 16:18:24,334 [INFO] Activator:176 - 


2025-01-09 16:18:24,338 [INFO] Activator:177 - !SESSION log4j initialized
2025-01-09 16:18:38,356 [INFO] LogOutputStream:77 - [STDOUT_REDIRECT] 
2025-01-09 16:18:42,788 [INFO] ApplicationProperties:184 - Using Application install path: C:\ST\STM32CubeIDE_1.16.1\STM32CubeIDE\plugins\com.st.stm32cube.common.mx_6.12.1.202409122256
2025-01-09 16:18:42,842 [INFO] DbMcusXml:78 - Set database path to: C:\ST\STM32CubeIDE_1.16.1\STM32CubeIDE\plugins\com.st.stm32cube.common.mx_6.12.1.202409122256\\db\/mcu/
2025-01-09 16:18:42,843 [INFO] ApiDb:274 - Set plugin database path to: C:\ST\STM32CubeIDE_1.16.1\STM32CubeIDE\plugins\com.st.stm32cube.common.mx_6.12.1.202409122256\\db\/plugins/boardmanager/
2025-01-09 16:18:42,843 [WARN] ApiDb:259 - Overriding images path with different value:  => C:\ST\STM32CubeIDE_1.16.1\STM32CubeIDE\plugins\com.st.stm32cube.common.mx_6.12.1.202409122256\\db\/plugins/mcufinder/images/
2025-01-09 16:18:42,856 [INFO] ApiDb:250 - Set database path to: C:\Users\user\.stmcufinder\plugins\mcufinder//mcu/
2025-01-09 16:18:42,858 [INFO] DbMcusAds:125 - Set database path to: C:\Users\user\.stmcufinder\plugins\mcufinder//mcu/
2025-01-09 16:18:42,862 [INFO] CrossReferenceDbSqlite:203 - Set database path to: C:\Users\user\.stmcufinder\plugins\mcufinder//mcu/cs/
2025-01-09 16:18:43,101 [INFO] RulesReader:64 - Compatibility file has been processed (297 Rules)
2025-01-09 16:18:43,275 [INFO] DbMcusXml:78 - Set database path to: C:\ST\STM32CubeIDE_1.16.1\STM32CubeIDE\plugins\com.st.stm32cube.common.mx_6.12.1.202409122256\\db\/mcu/
2025-01-09 16:18:43,275 [INFO] ApiDb:274 - Set plugin database path to: C:\ST\STM32CubeIDE_1.16.1\STM32CubeIDE\plugins\com.st.stm32cube.common.mx_6.12.1.202409122256\\db\/plugins/boardmanager/
2025-01-09 16:18:43,276 [INFO] ApiDb:261 - Set plugin images path to: C:\ST\STM32CubeIDE_1.16.1\STM32CubeIDE\plugins\com.st.stm32cube.common.mx_6.12.1.202409122256\\db\/plugins/mcufinder/images/
2025-01-09 16:18:43,276 [WARN] DbFile:41 - Overriding database path with different value: C:\Users\user\.stmcufinder\plugins\mcufinder/ => C:\Users\user\.stmcufinder\plugins\mcufinder
2025-01-09 16:18:43,276 [INFO] ApiDb:250 - Set database path to: C:\Users\user\.stmcufinder\plugins\mcufinder//mcu/
2025-01-09 16:18:43,276 [WARN] DbFile:41 - Overriding database path with different value: C:\Users\user\.stmcufinder\plugins\mcufinder/ => C:\Users\user\.stmcufinder\plugins\mcufinder
2025-01-09 16:18:43,276 [INFO] DbMcusAds:125 - Set database path to: C:\Users\user\.stmcufinder\plugins\mcufinder//mcu/
2025-01-09 16:18:43,277 [WARN] DbFile:41 - Overriding database path with different value: C:\Users\user\.stmcufinder\plugins\mcufinder/ => C:\Users\user\.stmcufinder\plugins\mcufinder
2025-01-09 16:18:43,277 [WARN] DbFile:41 - Overriding database path with different value: C:\Users\user\.stmcufinder\plugins\mcufinder/ => C:\Users\user\.stmcufinder\plugins\mcufinder
2025-01-09 16:18:43,277 [INFO] CrossReferenceDbSqlite:203 - Set database path to: C:\Users\user\.stmcufinder\plugins\mcufinder//mcu/cs/
2025-01-09 16:18:43,435 [INFO] MainPanel:268 - HeapMemory: 268435456
2025-01-09 16:18:43,631 [INFO] DbMcusXml:78 - Set database path to: C:\ST\STM32CubeIDE_1.16.1\STM32CubeIDE\plugins\com.st.stm32cube.common.mx_6.12.1.202409122256\\db\/mcu/
2025-01-09 16:18:43,631 [INFO] ApiDb:274 - Set plugin database path to: C:\ST\STM32CubeIDE_1.16.1\STM32CubeIDE\plugins\com.st.stm32cube.common.mx_6.12.1.202409122256\\db\/plugins/boardmanager/
2025-01-09 16:18:43,632 [INFO] ApiDb:261 - Set plugin images path to: C:\ST\STM32CubeIDE_1.16.1\STM32CubeIDE\plugins\com.st.stm32cube.common.mx_6.12.1.202409122256\\db\/plugins/mcufinder/images/
2025-01-09 16:18:43,632 [WARN] DbFile:41 - Overriding database path with different value: C:\Users\user\.stmcufinder\plugins\mcufinder/ => C:\Users\user\.stmcufinder\plugins\mcufinder
2025-01-09 16:18:43,632 [INFO] ApiDb:250 - Set database path to: C:\Users\user\.stmcufinder\plugins\mcufinder//mcu/
2025-01-09 16:18:43,632 [WARN] DbFile:41 - Overriding database path with different value: C:\Users\user\.stmcufinder\plugins\mcufinder/ => C:\Users\user\.stmcufinder\plugins\mcufinder
2025-01-09 16:18:43,632 [INFO] DbMcusAds:125 - Set database path to: C:\Users\user\.stmcufinder\plugins\mcufinder//mcu/
2025-01-09 16:18:43,633 [WARN] DbFile:41 - Overriding database path with different value: C:\Users\user\.stmcufinder\plugins\mcufinder/ => C:\Users\user\.stmcufinder\plugins\mcufinder
2025-01-09 16:18:43,633 [WARN] DbFile:41 - Overriding database path with different value: C:\Users\user\.stmcufinder\plugins\mcufinder/ => C:\Users\user\.stmcufinder\plugins\mcufinder
2025-01-09 16:18:43,633 [INFO] CrossReferenceDbSqlite:203 - Set database path to: C:\Users\user\.stmcufinder\plugins\mcufinder//mcu/cs/
2025-01-09 16:18:43,666 [INFO] ApplicationProperties:184 - Using Application install path: C:\ST\STM32CubeIDE_1.16.1\STM32CubeIDE\plugins\com.st.stm32cube.common.mx_6.12.1.202409122256
2025-01-09 16:18:43,669 [INFO] PluginManage:196 - Search for loadable plugins [exclusion list=, ]
2025-01-09 16:18:43,673 [INFO] PluginManage:310 - Check plugin analytics
2025-01-09 16:18:43,978 [INFO] AnalyticsPlugin:253 - Accepted Software Licenses: 
2025-01-09 16:18:43,978 [INFO] AnalyticsPlugin:255 - Accepted CMSIS Pack Licenses: 
2025-01-09 16:18:43,979 [INFO] AnalyticsPlugin:257 - Accepted Firmware Licenses: FW.F4.1.28.0
2025-01-09 16:18:43,984 [INFO] PluginManage:359 - Loaded plugin analytics (category:tool,tabindex:-1)
2025-01-09 16:18:43,985 [INFO] PluginManage:310 - Check plugin cadmodel
2025-01-09 16:18:44,018 [INFO] CADModel:105 - Init CAD model plugin
2025-01-09 16:18:44,019 [INFO] PluginManage:359 - Loaded plugin cadmodel (category:power,tabindex:5)
2025-01-09 16:18:44,019 [INFO] PluginManage:310 - Check plugin clock
2025-01-09 16:18:44,050 [INFO] PluginManage:359 - Loaded plugin clock (category:base,tabindex:2)
2025-01-09 16:18:44,051 [INFO] PluginManage:310 - Check plugin ddr
2025-01-09 16:18:44,056 [INFO] PluginManage:359 - Loaded plugin ddr (category:tool,tabindex:6)
2025-01-09 16:18:44,056 [INFO] PluginManage:310 - Check plugin filemanager
2025-01-09 16:18:44,318 [INFO] PluginManage:359 - Loaded plugin filemanager (category:base,tabindex:10)
2025-01-09 16:18:44,318 [INFO] PluginManage:310 - Check plugin ipmanager
2025-01-09 16:18:44,330 [INFO] PluginManage:359 - Loaded plugin ipmanager (category:base,tabindex:5)
2025-01-09 16:18:44,330 [INFO] PluginManage:310 - Check plugin lpbam
2025-01-09 16:18:44,361 [INFO] PluginManage:359 - Loaded plugin lpbam (category:base,tabindex:0)
2025-01-09 16:18:44,361 [INFO] PluginManage:310 - Check plugin memorymap
2025-01-09 16:18:44,414 [INFO] PluginManage:359 - Loaded plugin memorymap (category:base,tabindex:4)
2025-01-09 16:18:44,414 [INFO] PluginManage:310 - Check plugin pinoutandconfiguration
2025-01-09 16:18:44,447 [INFO] PluginManage:359 - Loaded plugin pinoutandconfiguration (category:base,tabindex:1)
2025-01-09 16:18:44,447 [INFO] PluginManage:310 - Check plugin pinoutconfig
2025-01-09 16:18:44,597 [WARN] SupportedApi:132 - Cannot load RTOS API schema: s4s-elt-must-match.1: The content of 'definitions' must match (annotation?, (simpleType | complexType)?, (unique | key | keyref)*)). A problem was found starting at: attribute.
2025-01-09 16:18:44,872 [INFO] PluginManage:359 - Loaded plugin pinoutconfig (category:base,tabindex:0)
2025-01-09 16:18:44,872 [INFO] PluginManage:310 - Check plugin power
2025-01-09 16:18:44,925 [INFO] PluginManage:359 - Loaded plugin power (category:power,tabindex:4)
2025-01-09 16:18:44,925 [INFO] PluginManage:310 - Check plugin projectmanager
2025-01-09 16:18:44,949 [INFO] PluginManage:359 - Loaded plugin projectmanager (category:projectmanager,tabindex:4)
2025-01-09 16:18:44,950 [INFO] PluginManage:310 - Check plugin rif
2025-01-09 16:18:44,980 [INFO] PluginManage:359 - Loaded plugin rif (category:base,tabindex:3)
2025-01-09 16:18:44,981 [INFO] PluginManage:310 - Check plugin thirdparty
2025-01-09 16:18:45,692 [INFO] PluginManage:359 - Loaded plugin thirdparty (category:base,tabindex:-1)
2025-01-09 16:18:45,692 [WARN] IntegrityCheckThread:84 - waiting for thirdparty lock release [integrity check]
2025-01-09 16:18:45,692 [INFO] PluginManage:310 - Check plugin tools
2025-01-09 16:18:45,692 [INFO] IntegrityCheckThread:86 - entering critical section [integrity check]
2025-01-09 16:18:45,693 [INFO] ThirdPartyUpdaterWithRetryManager:70 - Updater plugin not ready yet. [1/15]
2025-01-09 16:18:45,769 [INFO] PluginManage:359 - Loaded plugin tools (category:base,tabindex:7)
2025-01-09 16:18:45,770 [INFO] PluginManage:310 - Check plugin tutovideos
2025-01-09 16:18:46,133 [INFO] PluginManage:359 - Loaded plugin tutovideos (category:base,tabindex:-1)
2025-01-09 16:18:46,134 [INFO] PluginManage:310 - Check plugin updater
2025-01-09 16:18:46,162 [INFO] PluginManage:359 - Loaded plugin updater (category:base,tabindex:12)
2025-01-09 16:18:46,163 [INFO] PluginManage:310 - Check plugin userauth
2025-01-09 16:18:46,174 [INFO] UserAuth:113 - Init User Auth plugin
2025-01-09 16:18:46,175 [INFO] PluginManage:359 - Loaded plugin userauth (category:base,tabindex:14)
2025-01-09 16:18:46,175 [INFO] PluginManage:283 - PluginManage : Loaded plugins [18]
2025-01-09 16:18:46,570 [INFO] PinOutPanel:1561 - setPackage(No Configuration,No Configuration)
2025-01-09 16:18:46,740 [INFO] CADModel:165 - CPN selected for project level
2025-01-09 16:18:46,740 [INFO] CADModel:114 - Register for checkConnection events
2025-01-09 16:18:46,786 [INFO] IPUIPlugin:80 - create IPUIPlugin
2025-01-09 16:18:46,786 [INFO] PluginManager:220 - loadIPPluginJar : add adc
2025-01-09 16:18:46,869 [INFO] IPUIPlugin:80 - create IPUIPlugin
2025-01-09 16:18:46,869 [INFO] PluginManager:220 - loadIPPluginJar : add aes
2025-01-09 16:18:46,975 [INFO] IPUIPlugin:80 - create IPUIPlugin
2025-01-09 16:18:46,975 [INFO] PluginManager:220 - loadIPPluginJar : add can
2025-01-09 16:18:47,032 [INFO] IPUIPlugin:80 - create IPUIPlugin
2025-01-09 16:18:47,032 [INFO] PluginManager:220 - loadIPPluginJar : add comp
2025-01-09 16:18:47,114 [INFO] IPUIPlugin:80 - create IPUIPlugin
2025-01-09 16:18:47,114 [INFO] PluginManager:220 - loadIPPluginJar : add cryp
2025-01-09 16:18:47,188 [INFO] IPUIPlugin:80 - create IPUIPlugin
2025-01-09 16:18:47,188 [INFO] PluginManager:220 - loadIPPluginJar : add ddr_ctrl_phy
2025-01-09 16:18:47,253 [INFO] IPUIPlugin:80 - create IPUIPlugin
2025-01-09 16:18:47,253 [INFO] PluginManager:220 - loadIPPluginJar : add dfsdm
2025-01-09 16:18:47,278 [INFO] IPUIPlugin:80 - create IPUIPlugin
2025-01-09 16:18:47,278 [INFO] PluginManager:220 - loadIPPluginJar : add dma
2025-01-09 16:18:47,356 [INFO] IPUIPlugin:80 - create IPUIPlugin
2025-01-09 16:18:47,356 [INFO] PluginManager:220 - loadIPPluginJar : add dma3
2025-01-09 16:18:47,435 [INFO] IPUIPlugin:80 - create IPUIPlugin
2025-01-09 16:18:47,435 [INFO] PluginManager:220 - loadIPPluginJar : add extmemmanager
2025-01-09 16:18:47,474 [INFO] IPUIPlugin:80 - create IPUIPlugin
2025-01-09 16:18:47,474 [INFO] PluginManager:220 - loadIPPluginJar : add fatfs
2025-01-09 16:18:47,553 [INFO] IPUIPlugin:80 - create IPUIPlugin
2025-01-09 16:18:47,553 [INFO] PluginManager:220 - loadIPPluginJar : add fmc
2025-01-09 16:18:47,580 [INFO] IPUIPlugin:80 - create IPUIPlugin
2025-01-09 16:18:47,580 [INFO] PluginManager:220 - loadIPPluginJar : add freertos
2025-01-09 16:18:47,616 [INFO] IPUIPlugin:80 - create IPUIPlugin
2025-01-09 16:18:47,617 [INFO] PluginManager:220 - loadIPPluginJar : add genericplugin
2025-01-09 16:18:47,769 [INFO] IPUIPlugin:80 - create IPUIPlugin
2025-01-09 16:18:47,769 [INFO] PluginManager:220 - loadIPPluginJar : add gfxmmu
2025-01-09 16:18:47,992 [INFO] IPUIPlugin:80 - create IPUIPlugin
2025-01-09 16:18:47,992 [INFO] PluginManager:220 - loadIPPluginJar : add gic
2025-01-09 16:18:48,031 [INFO] IPUIPlugin:80 - create IPUIPlugin
2025-01-09 16:18:48,031 [INFO] PluginManager:220 - loadIPPluginJar : add gpio
2025-01-09 16:18:48,205 [INFO] IPUIPlugin:80 - create IPUIPlugin
2025-01-09 16:18:48,205 [INFO] PluginManager:220 - loadIPPluginJar : add gtzc
2025-01-09 16:18:48,272 [INFO] IPUIPlugin:80 - create IPUIPlugin
2025-01-09 16:18:48,272 [INFO] PluginManager:220 - loadIPPluginJar : add hash
2025-01-09 16:18:48,371 [INFO] IPUIPlugin:80 - create IPUIPlugin
2025-01-09 16:18:48,371 [INFO] PluginManager:220 - loadIPPluginJar : add i2c
2025-01-09 16:18:48,444 [INFO] IPUIPlugin:80 - create IPUIPlugin
2025-01-09 16:18:48,444 [INFO] PluginManager:220 - loadIPPluginJar : add i2s
2025-01-09 16:18:48,530 [INFO] IPUIPlugin:80 - create IPUIPlugin
2025-01-09 16:18:48,530 [INFO] PluginManager:220 - loadIPPluginJar : add i3c
2025-01-09 16:18:48,709 [INFO] ThirdPartyUpdaterWithRetryManager:70 - Updater plugin not ready yet. [2/15]
2025-01-09 16:18:48,730 [INFO] IPUIPlugin:80 - create IPUIPlugin
2025-01-09 16:18:48,731 [INFO] PluginManager:220 - loadIPPluginJar : add ipddr
2025-01-09 16:18:48,907 [INFO] IPUIPlugin:80 - create IPUIPlugin
2025-01-09 16:18:48,908 [INFO] PluginManager:220 - loadIPPluginJar : add linkedlist
2025-01-09 16:18:48,965 [INFO] IPUIPlugin:80 - create IPUIPlugin
2025-01-09 16:18:48,966 [INFO] PluginManager:220 - loadIPPluginJar : add lorawan
2025-01-09 16:18:49,034 [INFO] IPUIPlugin:80 - create IPUIPlugin
2025-01-09 16:18:49,034 [INFO] PluginManager:220 - loadIPPluginJar : add ltdc
2025-01-09 16:18:49,077 [INFO] IPUIPlugin:80 - create IPUIPlugin
2025-01-09 16:18:49,077 [INFO] PluginManager:220 - loadIPPluginJar : add mdma
2025-01-09 16:18:49,105 [INFO] IPUIPlugin:80 - create IPUIPlugin
2025-01-09 16:18:49,105 [INFO] PluginManager:220 - loadIPPluginJar : add nvic
2025-01-09 16:18:49,193 [INFO] IPUIPlugin:80 - create IPUIPlugin
2025-01-09 16:18:49,194 [INFO] PluginManager:220 - loadIPPluginJar : add opamp
2025-01-09 16:18:49,304 [INFO] IPUIPlugin:80 - create IPUIPlugin
2025-01-09 16:18:49,304 [INFO] PluginManager:220 - loadIPPluginJar : add openamp
2025-01-09 16:18:49,383 [INFO] IPUIPlugin:80 - create IPUIPlugin
2025-01-09 16:18:49,383 [INFO] PluginManager:220 - loadIPPluginJar : add pdm2pcm
2025-01-09 16:18:49,405 [INFO] IPUIPlugin:80 - create IPUIPlugin
2025-01-09 16:18:49,407 [INFO] PluginManager:220 - loadIPPluginJar : add plateformsettings
2025-01-09 16:18:49,446 [INFO] IPUIPlugin:80 - create IPUIPlugin
2025-01-09 16:18:49,446 [INFO] PluginManager:220 - loadIPPluginJar : add quadspi
2025-01-09 16:18:49,493 [INFO] IPUIPlugin:80 - create IPUIPlugin
2025-01-09 16:18:49,494 [INFO] PluginManager:220 - loadIPPluginJar : add radio
2025-01-09 16:18:49,516 [INFO] IPUIPlugin:80 - create IPUIPlugin
2025-01-09 16:18:49,516 [INFO] PluginManager:220 - loadIPPluginJar : add resmgrutility
2025-01-09 16:18:49,602 [INFO] IPUIPlugin:80 - create IPUIPlugin
2025-01-09 16:18:49,602 [INFO] PluginManager:220 - loadIPPluginJar : add sai
2025-01-09 16:18:49,666 [INFO] IPUIPlugin:80 - create IPUIPlugin
2025-01-09 16:18:49,666 [INFO] PluginManager:220 - loadIPPluginJar : add spi
2025-01-09 16:18:49,798 [INFO] IPUIPlugin:80 - create IPUIPlugin
2025-01-09 16:18:49,798 [INFO] PluginManager:220 - loadIPPluginJar : add stm32_wpan
2025-01-09 16:18:49,846 [INFO] IPUIPlugin:80 - create IPUIPlugin
2025-01-09 16:18:49,847 [INFO] PluginManager:220 - loadIPPluginJar : add tim
2025-01-09 16:18:49,962 [INFO] IPUIPlugin:80 - create IPUIPlugin
2025-01-09 16:18:49,962 [INFO] PluginManager:220 - loadIPPluginJar : add touchsensing
2025-01-09 16:18:50,014 [INFO] IPUIPlugin:80 - create IPUIPlugin
2025-01-09 16:18:50,014 [INFO] PluginManager:220 - loadIPPluginJar : add tracer_emb
2025-01-09 16:18:50,060 [INFO] IPUIPlugin:80 - create IPUIPlugin
2025-01-09 16:18:50,060 [INFO] PluginManager:220 - loadIPPluginJar : add ts
2025-01-09 16:18:50,102 [INFO] IPUIPlugin:80 - create IPUIPlugin
2025-01-09 16:18:50,102 [INFO] PluginManager:220 - loadIPPluginJar : add tsc
2025-01-09 16:18:50,145 [INFO] IPUIPlugin:80 - create IPUIPlugin
2025-01-09 16:18:50,146 [INFO] PluginManager:220 - loadIPPluginJar : add ucpd
2025-01-09 16:18:50,228 [INFO] IPUIPlugin:80 - create IPUIPlugin
2025-01-09 16:18:50,229 [INFO] PluginManager:220 - loadIPPluginJar : add usart
2025-01-09 16:18:50,302 [INFO] IPUIPlugin:80 - create IPUIPlugin
2025-01-09 16:18:50,302 [INFO] PluginManager:220 - loadIPPluginJar : add usbx
2025-01-09 16:18:50,461 [INFO] CADModel:165 - CPN selected for project level
2025-01-09 16:18:50,461 [INFO] CADModel:114 - Register for checkConnection events
2025-01-09 16:18:50,461 [FATAL] Updater:334 - Updater called before beeing initialized
2025-01-09 16:18:50,462 [ERROR] CADModel:125 - Updater not yet initialized, retry later 
2025-01-09 16:18:50,705 [INFO] CADModel:165 - CPN selected for project level
2025-01-09 16:18:50,705 [INFO] CADModel:114 - Register for checkConnection events
2025-01-09 16:18:50,705 [FATAL] Updater:334 - Updater called before beeing initialized
2025-01-09 16:18:50,705 [ERROR] CADModel:125 - Updater not yet initialized, retry later 
2025-01-09 16:18:50,710 [FATAL] Updater:334 - Updater called before beeing initialized
2025-01-09 16:18:50,863 [FATAL] Updater:334 - Updater called before beeing initialized
2025-01-09 16:18:50,877 [INFO] DbMcusAds:53 - JSON generation date=Tue Dec 17 18:01:15 EET 2024 (1734451275222)
2025-01-09 16:18:50,877 [FATAL] Updater:334 - Updater called before beeing initialized
2025-01-09 16:18:50,942 [WARN] DetailPanel:346 - Failed to get advertising image, set to default
2025-01-09 16:18:51,050 [FATAL] Updater:334 - Updater called before beeing initialized
2025-01-09 16:18:51,052 [FATAL] Updater:334 - Updater called before beeing initialized
2025-01-09 16:18:51,052 [FATAL] Updater:334 - Updater called before beeing initialized
2025-01-09 16:18:51,052 [WARN] DetailPanel:346 - Failed to get advertising image, set to default
2025-01-09 16:18:51,053 [FATAL] Updater:334 - Updater called before beeing initialized
2025-01-09 16:18:51,143 [ERROR] Updater:1164 - MainUpdater not yet initialized. External WinMGr cannot be set.
2025-01-09 16:18:51,158 [INFO] Updater:1100 - Updater Version found : 6.12.1
2025-01-09 16:18:51,186 [INFO] ApplicationProperties:184 - Using Application install path: C:\ST\STM32CubeIDE_1.16.1\STM32CubeIDE\plugins\com.st.stm32cube.common.mx_6.12.1.202409122256
2025-01-09 16:18:51,718 [INFO] ThirdPartyUpdaterWithRetryManager:70 - Updater plugin not ready yet. [3/15]
2025-01-09 16:18:52,658 [ERROR] ConfigurationRetriever:142 - IOException on connection: Read timed out
2025-01-09 16:18:52,807 [ERROR] LogOutputStream:75 - [STDERR_REDIRECT] Jan 09, 2025 4:18:52 PM java.util.prefs.WindowsPreferences <init>
2025-01-09 16:18:52,808 [ERROR] LogOutputStream:75 - [STDERR_REDIRECT] WARNING: Could not open/create prefs root node Software\JavaSoft\Prefs at root 0xffffffff80000002. Windows RegCreateKeyEx(...) returned error code 5.
2025-01-09 16:18:52,809 [ERROR] LogOutputStream:75 - [STDERR_REDIRECT] 
2025-01-09 16:18:54,664 [ERROR] ConfigurationRetriever:142 - IOException on connection: Connect timed out
2025-01-09 16:18:54,727 [FATAL] Updater:334 - Updater called before beeing initialized
2025-01-09 16:18:54,728 [ERROR] IntegrityCheckThread:130 - Cannot retrieve database content from updater: error 21
2025-01-09 16:18:54,728 [INFO] ThirdParty:978 - Integrity check success = false
2025-01-09 16:18:54,729 [INFO] IntegrityCheckThread:100 - exiting critical section [integrity check]
2025-01-09 16:18:54,729 [INFO] IntegrityCheckThread:103 - End integrity checks thread
2025-01-09 16:18:56,670 [ERROR] ConfigurationRetriever:142 - IOException on connection: Connect timed out
2025-01-09 16:18:57,420 [WARN] CheckConnectionManager:291 - Warning during Server Connection :  timeout Connect to sw-center.st.com:443 [sw-center.st.com/72.247.182.96, sw-center.st.com/72.247.182.82] failed: Connect timed out
2025-01-09 16:19:00,449 [INFO] MainUpdater:2873 - connection check result : 10
2025-01-09 16:19:00,450 [INFO] MainUpdater:3567 - Updater definition file requires update
2025-01-09 16:19:00,451 [INFO] MainUpdater:290 - Updater Check For Update Now.
2025-01-09 16:19:00,451 [INFO] MicroXplorer:498 - Change Database Version : DB.6.0.121
2025-01-09 16:19:00,493 [INFO] McuFinderGlobals:63 - Set McuFinder mode to 2 (CubeIDE integrated)
2025-01-09 16:19:00,503 [INFO] UserAuth:417 - Internet connection configuration mode: 1
2025-01-09 16:19:00,556 [INFO] JxBrowserEngine:152 - Initiate JxBrowser Engine with user profile folder
2025-01-09 16:19:06,923 [INFO] ServerAccessManage:473 - Download File updaters.zip
2025-01-09 16:19:19,685 [INFO] FileExtend:240 - Unzip File : updaters.zip
2025-01-09 16:19:19,685 [INFO] FileExtend:255 - Standard Zip Deflate
2025-01-09 16:19:21,261 [INFO] WebApp:167 - Instantiating new browser for Auth
2025-01-09 16:19:22,767 [INFO] WebApp:448 - Apply proxy settings
2025-01-09 16:19:22,767 [INFO] WebApp:533 - Chromium requires no authentication
2025-01-09 16:19:22,791 [INFO] WebApp:476 - Direct internet connection detected
2025-01-09 16:19:22,859 [INFO] WebApp:869 - Register for checkConnection events
2025-01-09 16:19:22,859 [INFO] WebApp:448 - Apply proxy settings
2025-01-09 16:19:22,859 [INFO] WebApp:533 - Chromium requires no authentication
2025-01-09 16:19:22,860 [INFO] WebApp:476 - Direct internet connection detected
2025-01-09 16:19:23,289 [INFO] WebApp:220 - Starting web application
2025-01-09 16:19:23,289 [INFO] WebApp:578 - Web application path used C:\ST\STM32CubeIDE_1.16.1\STM32CubeIDE\plugins\com.st.stm32cube.common.mx_6.12.1.202409122256\db\plugins\mcufinder\reactClient1\index.html
2025-01-09 16:19:23,532 [INFO] UserAuth:417 - Internet connection configuration mode: 1
2025-01-09 16:19:24,988 [INFO] WebApp:186 - Connection restablished
2025-01-09 16:19:31,660 [INFO] ServerAccessManage:473 - Download File PacksControlFlags.xml
2025-01-09 16:19:32,935 [INFO] ServerAccessManage:473 - Download File cubemx.pidx
2025-01-09 16:19:34,116 [INFO] ServerAccessManage:473 - Download File STMicroelectronics.X-CUBE-IPS.pdsc
2025-01-09 16:19:35,105 [INFO] ServerAccessManage:473 - Download File STMicroelectronics.X-CUBE-TOUCHGFX.pdsc
2025-01-09 16:19:38,681 [WARN] PopulateThirdPartyThread:106 - Error when creating pack: C:/Users/user/.stm32cubemx/thirdparties/pdsc/STMicroelectronics.X-CUBE-IPS.pdsc
2025-01-09 16:19:38,740 [WARN] PackLoader:240 - Cannot read IP mode file for STMicroelectronics.X-CUBE-TOUCHGFX.4.24.2
2025-01-09 16:19:38,742 [INFO] PopulateThirdPartyThread:66 - Ending populate Thread
2025-01-09 16:19:38,743 [INFO] ThirdParty:1030 - CMSIS Pack Vendor :STMicroelectronics X-CUBE-TOUCHGFX 4.24.2
2025-01-09 16:19:38,744 [INFO] LoadServerUpdatesThread:375 - End of LoadServerUpdate Thread
2025-01-09 16:19:38,958 [INFO] CheckServerUpdateThread:120 - End of CheckServer Thread
2025-01-09 17:37:20,341 [INFO] WebApp:189 - Connection lost
2025-01-09 17:37:28,672 [INFO] WebApp:186 - Connection restablished
2025-01-09 17:37:32,094 [INFO] WebApp:189 - Connection lost
2025-01-09 17:37:32,753 [INFO] WebApp:186 - Connection restablished
2025-01-09 19:09:15,680 [ERROR] ConfigurationRetriever:142 - IOException on connection: Read timed out
2025-01-09 19:27:07,336 [INFO] WebApp:189 - Connection lost
2025-01-09 19:27:18,964 [INFO] WebApp:186 - Connection restablished
2025-01-09 19:46:30,312 [INFO] WebApp:189 - Connection lost
2025-01-09 19:46:38,443 [INFO] WebApp:186 - Connection restablished
2025-01-09 19:46:39,582 [INFO] WebApp:189 - Connection lost
2025-01-09 19:46:39,718 [INFO] WebApp:186 - Connection restablished
2025-01-09 19:53:06,607 [INFO] WebApp:189 - Connection lost
2025-01-09 19:53:06,895 [INFO] WebApp:186 - Connection restablished
2025-01-09 19:57:10,896 [INFO] WebApp:189 - Connection lost
2025-01-09 19:57:16,689 [INFO] WebApp:186 - Connection restablished
2025-01-09 19:57:17,614 [INFO] WebApp:189 - Connection lost
2025-01-09 19:57:21,379 [INFO] WebApp:186 - Connection restablished
2025-01-09 22:31:32,264 [INFO] WebApp:189 - Connection lost
2025-01-09 22:31:47,021 [INFO] WebApp:186 - Connection restablished
2025-01-09 22:50:27,044 [INFO] WebApp:189 - Connection lost
2025-01-09 22:50:39,379 [INFO] WebApp:186 - Connection restablished
